2024-06-17 08:51:46,833 ---- Client Start ----
2024-06-17 08:51:46,833 ---- Function get_user_input Enter ----
2024-06-17 08:51:55,155 ---- Function get_user_input Exit ----
2024-06-17 08:51:55,162 Sent request: {'num1': 5.0, 'num2': 5.0, 'operation': 'multiply'}
2024-06-17 08:51:55,163 Received result: 25.0
2024-06-17 08:51:55,163 ---- Client Stop ----
2024-06-17 09:20:53,875 ---- Client Start ----
2024-06-17 09:20:53,875 ---- Function get_user_input Enter ----
2024-06-17 09:21:00,920 ---- Function get_user_input Exit ----
2024-06-17 09:21:00,928 Sent request: {'num1': 2.0, 'num2': 2.0, 'operation': 'add'}
2024-06-17 09:21:00,929 Received result: 4.0
2024-06-17 09:21:00,929 ---- Client Stop ----
2024-06-17 09:25:29,703 ---- Client Start ----
2024-06-17 09:25:29,704 ---- Function get_user_input Enter ----
2024-06-17 09:25:39,334 ---- Function get_user_input Exit ----
2024-06-17 09:25:56,919 ---- Client Start ----
2024-06-17 09:25:56,919 ---- Function get_user_input Enter ----
2024-06-17 09:26:07,940 ---- Function get_user_input Exit ----
2024-06-17 09:26:07,947 Sent request: {'num1': 0.0, 'num2': 1.0, 'operation': 'divide'}
2024-06-17 09:26:07,947 Received result: 0.0
2024-06-17 09:26:07,948 ---- Client Stop ----
2024-06-17 09:30:47,071 ---- Client Start ----
2024-06-17 09:30:47,072 ---- Function get_user_input Enter ----
2024-06-17 09:30:57,628 ---- Function get_user_input Exit ----
2024-06-17 09:30:57,634 Sent request: {'num1': 9.0, 'num2': 0.0, 'operation': 'divide'}
2024-06-17 09:31:22,983 ---- Client Start ----
2024-06-17 09:31:22,983 ---- Function get_user_input Enter ----
2024-06-17 09:31:32,810 ---- Function get_user_input Exit ----
2024-06-17 09:31:32,826 Sent request: {'num1': 0.0, 'num2': 4.0, 'operation': 'divide'}
2024-06-17 09:31:32,827 Received result: 0.0
2024-06-17 09:31:32,827 ---- Client Stop ----
2024-06-17 09:31:51,468 ---- Client Start ----
2024-06-17 09:31:51,468 ---- Function get_user_input Enter ----
2024-06-17 09:32:03,070 ---- Function get_user_input Exit ----
2024-06-17 09:32:03,075 Sent request: {'num1': 4.0, 'num2': 0.0, 'operation': 'divide'}
2024-06-17 09:34:57,506 ---- Client Start ----
2024-06-17 09:34:57,507 ---- Function get_user_input Enter ----
2024-06-17 09:35:05,765 ---- Function get_user_input Exit ----
2024-06-17 09:35:05,782 Sent request: {'num1': 4.0, 'num2': 0.0, 'operation': 'divide'}
2024-06-17 09:35:05,783 ---- Client Stop ----
2024-06-17 09:36:32,737 ---- Client Start ----
2024-06-17 09:36:32,737 ---- Function get_user_input Enter ----
2024-06-17 09:36:40,121 ---- Function get_user_input Exit ----
2024-06-17 09:36:40,129 Sent request: {'num1': 4.0, 'num2': 4.0, 'operation': 'add'}
2024-06-17 09:36:40,129 Received result: 8.0
2024-06-17 09:36:40,131 ---- Client Stop ----
2024-06-17 09:36:49,787 ---- Client Start ----
2024-06-17 09:36:49,787 ---- Function get_user_input Enter ----
2024-06-17 09:36:58,269 ---- Function get_user_input Exit ----
2024-06-17 09:36:58,276 Sent request: {'num1': 4.0, 'num2': 0.0, 'operation': 'divide'}
2024-06-17 09:36:58,277 ---- Client Stop ----
2024-06-17 10:08:25,967 ---- Client Start ----
2024-06-17 10:08:25,968 ---- Function get_user_input Enter ----
2024-06-17 10:08:32,159 ---- Function get_user_input Exit ----
2024-06-17 10:08:32,165 Sent request: {'num1': 3.0, 'num2': 2.0, 'operation': 'divide'}
2024-06-17 10:08:32,165 Received result: 1.5
2024-06-17 10:08:32,165 ---- Client Stop ----
2024-06-17 10:08:54,346 ---- Client Start ----
2024-06-17 10:08:54,346 ---- Function get_user_input Enter ----
2024-06-17 10:09:01,887 ---- Function get_user_input Exit ----
2024-06-17 10:09:03,952 ---- Client Stop ----
2024-06-17 10:09:16,311 ---- Client Start ----
2024-06-17 10:09:16,311 ---- Function get_user_input Enter ----
2024-06-17 10:09:24,745 ---- Function get_user_input Exit ----
2024-06-17 10:09:24,751 Sent request: {'num1': 10.0, 'num2': 3.0, 'operation': 'divide'}
2024-06-17 10:09:24,751 Received result: 3.3333333333333335
2024-06-17 10:09:24,751 ---- Client Stop ----
2024-06-17 10:10:04,846 ---- Client Start ----
2024-06-17 10:10:04,847 ---- Function get_user_input Enter ----
2024-06-17 10:10:18,205 ---- Function get_user_input Exit ----
2024-06-17 10:10:18,212 Sent request: {'num1': 4.0, 'num2': 1.5, 'operation': 'divide'}
2024-06-17 10:10:18,212 Received result: 2.6666666666666665
2024-06-17 10:10:18,213 ---- Client Stop ----
2024-06-17 10:17:11,853 ---- Client Start ----
2024-06-17 10:17:11,854 ---- Function get_user_input Enter ----
2024-06-17 10:17:23,106 ---- Function get_user_input Exit ----
2024-06-17 10:17:23,114 Sent request: {'num1': 4.0, 'num2': 1.5, 'operation': 'divide'}
2024-06-17 10:17:23,114 Received result: 2.6666666667
2024-06-17 10:17:23,115 ---- Client Stop ----
2024-06-17 10:17:48,698 ---- Client Start ----
2024-06-17 10:17:48,700 ---- Function get_user_input Enter ----
2024-06-17 10:17:57,246 ---- Function get_user_input Exit ----
2024-06-17 10:17:57,252 Sent request: {'num1': 4.0, 'num2': 1.5, 'operation': 'divide'}
2024-06-17 10:17:57,253 Received result: 2.6666666667
2024-06-17 10:17:57,253 ---- Client Stop ----
2024-06-17 10:36:07,754 ---- Client Start ----
2024-06-17 10:36:07,755 ---- Function get_user_input Enter ----
2024-06-17 10:36:18,748 ---- Function get_user_input Exit ----
2024-06-17 10:36:18,755 Sent request: {'num1': 10.0, 'num2': 10.0, 'operation': 'multiply'}
2024-06-17 10:36:18,755 Received result: 100.0000000000
2024-06-17 10:36:18,755 ---- Client Stop ----
2024-06-17 10:42:04,292 ---- Client Start ----
2024-06-17 10:42:04,293 ---- Function get_user_input Enter ----
2024-06-17 10:42:07,963 ---- Function get_user_input Exit ----
2024-06-17 10:42:07,969 Sent request: {'num1': 4.0, 'num2': 4.0, 'operation': 'add'}
2024-06-17 10:42:07,969 Received result: 8.0000000000
2024-06-17 10:42:07,969 ---- Client Stop ----
2024-06-17 10:45:19,639 ---- Client Start ----
2024-06-17 10:45:23,944 Sent request: {'num1': 4.0, 'num2': 4.0, 'operation': 'add'}
2024-06-17 10:45:23,945 Received result: 8.0000000000
2024-06-17 10:45:32,108 Sent request: {'num1': 2.0, 'num2': 2.0, 'operation': 'add'}
2024-06-17 10:45:32,109 Received result: 4.0000000000
2024-06-17 10:45:44,192 Sent request: {'num1': 10.0, 'num2': 10.0, 'operation': 'multiply'}
2024-06-17 10:45:44,193 Received result: 100.0000000000
2024-06-17 10:45:50,164 ---- Client Stop ----
2024-06-17 10:48:15,138 ---- Client Start ----
2024-06-17 10:48:23,613 Sent request: {'num1': 10.0, 'num2': 10.0, 'operation': 'subtract'}
2024-06-17 10:48:23,613 Received result: 0.0000000000
2024-06-17 10:50:32,504 ---- Client Start ----
2024-06-17 10:50:36,561 Sent request: {'num1': 4.0, 'num2': 4.0, 'operation': 'add'}
2024-06-17 10:50:36,561 Received result: 8.0000000000
2024-06-17 10:50:47,066 Sent request: {'num1': 4.0, 'num2': 2.0, 'operation': ' divide'}
2024-06-17 10:51:20,424 ---- Client Start ----
2024-06-17 10:51:24,606 Sent request: {'num1': 3.0, 'num2': 3.0, 'operation': 'add'}
2024-06-17 10:51:24,608 Received result: 6.0000000000
2024-06-17 10:51:29,413 Sent request: {'num1': 3.0, 'num2': 3.0, 'operation': 'add'}
2024-06-17 10:51:29,413 Received result: 6.0000000000
2024-06-17 13:22:07,626 - client_logger - INFO - ---- Client Start ----
2024-06-17 13:22:11,788 - client_logger - INFO - Sent request: {'num1': 4.0, 'num2': 4.0, 'operation': 'add'}
2024-06-17 13:22:11,790 - client_logger - INFO - Received result: 8.0000000000
2024-06-17 13:22:30,018 - client_logger - INFO - Sent request: {'num1': 5.0, 'num2': 5.0, 'operation': 'multiply'}
2024-06-17 13:22:30,020 - client_logger - INFO - Received result: 25.0000000000
2024-06-17 13:22:37,959 - client_logger - INFO - ---- Client Stop ----
2024-06-17 13:26:37,433 - client_logger - INFO - ---- Client Start ----
2024-06-17 13:26:43,688 - client_logger - ERROR - Error: [WinError 10061] No connection could be made because the target machine actively refused it
2024-06-17 13:26:51,501 - client_logger - INFO - ---- Client Stop ----
2024-06-17 13:27:33,249 - client_logger - INFO - ---- Client Start ----
2024-06-17 13:27:39,322 - client_logger - INFO - Sent request: {'num1': 4.0, 'num2': 4.0, 'operation': 'add'}
2024-06-17 13:27:39,323 - client_logger - INFO - Received result: 8.0000000000
2024-06-17 13:27:42,758 - client_logger - INFO - ---- Client Stop ----
2024-06-17 13:30:33,656 - client_logger - INFO - ---- Client Start ----
2024-06-17 13:30:38,572 - client_logger - INFO - Sent request: {'num1': 2.0, 'num2': 2.0, 'operation': 'add'}
2024-06-17 13:30:38,573 - client_logger - INFO - Received result: 4.0000000000
2024-06-17 13:30:50,599 - client_logger - INFO - Sent request: {'num1': 4.0, 'num2': 0.0, 'operation': 'divide'}
2024-06-17 13:30:50,600 - client_logger - ERROR - Error: Division by zero is not allowed
2024-06-17 13:31:27,744 - client_logger - INFO - Sent request: {'num1': 6.0, 'num2': 7.0, 'operation': 'subtract'}
2024-06-17 13:31:27,746 - client_logger - INFO - Received result: -1.0000000000
2024-06-17 13:31:55,241 - client_logger - INFO - Sent request: {'num1': 1.0, 'num2': 1.0, 'operation': 'multiply'}
2024-06-17 13:31:55,242 - client_logger - INFO - Received result: 1.0000000000
2024-06-17 13:32:11,318 - client_logger - INFO - ---- Client Shutdown ----
2024-06-17 13:33:36,988 - client_logger - INFO - ---- Client Start ----
2024-06-17 13:33:40,951 - client_logger - INFO - Sent request: {'num1': 4.0, 'num2': 4.0, 'operation': 'add'}
2024-06-17 13:33:40,952 - client_logger - INFO - Received result: 8.0000000000
2024-06-17 13:33:42,707 - client_logger - INFO - ---- Client Shutdown ----
2024-06-17 13:44:56,737 - client_logger - INFO - ---- Client Start ----
2024-06-17 13:44:59,924 - client_logger - INFO - Sent request: {'num1': 5.0, 'num2': 5.0, 'operation': 'add'}
2024-06-17 13:44:59,925 - client_logger - INFO - Received result: 10.0000000000
2024-06-17 13:45:07,163 - client_logger - INFO - ---- Client Stop ----
2024-06-17 13:46:06,508 - client_logger - INFO - ---- Client Start ----
2024-06-17 13:46:09,893 - client_logger - INFO - Sent request: {'num1': 3.0, 'num2': 3.0, 'operation': 'add'}
2024-06-17 13:46:09,894 - client_logger - INFO - Received result: 6.0000000000
2024-06-17 13:46:15,141 - client_logger - INFO - ---- Client Stop ----
